make all --print-data-base --no-builtin-variables --no-builtin-rules --question
# GNU Make 3.81
# Copyright (C) 2006  Free Software Foundation, Inc.
# This is free software; see the source for copying conditions.
# There is NO warranty; not even for MERCHANTABILITY or FITNESS FOR A
# PARTICULAR PURPOSE.

# This program built for i386-apple-darwin11.3.0
 

# Make data base, printed on Fri Mar  4 00:07:29 2022

# Variables

# automatic
 
<D = $(patsubst %/,%,$(dir $<))
# automatic
?F = $(notdir $?)
# makefile (from `Makefile', line 21)
OBJ = $(SRC:$(SRCDIR)/%$(EXT)=$(OBJDIR)/%.o)
# makefile (from `Makefile', line 19)
SRC = $(wildcard $(SRCDIR)/*$(EXT))
# environment
VSCODE_LOG_NATIVE = false
# automatic
?D = $(patsubst %/,%,$(dir $?))
# automatic
@D = $(patsubst %/,%,$(dir $@))
# makefile (from `Makefile', line 28)
EXE = .exe
# automatic
@F = $(notdir $@)
# makefile
CURDIR := /Users/dasdias/SoftwareProjects/clic
# makefile
SHELL = /bin/sh
# makefile (from `Makefile', line 24)
RM = rm
# environment
VSCODE_NLS_CONFIG = {"locale":"en-gb","availableLanguages":{},"_languagePackSupport":true}
# environment
_ = /usr/bin/make
# makefile (from `libtest.d', line 1)
MAKEFILE_LIST :=  Makefile cliccommand.d clicshell.d libtest.d
# makefile (from `Makefile', line 10)
CXXFLAGS = -Wall -Werror -Wextra -g
# environment
VSCODE_VERBOSE_LOGGING = true
# environment
__CFBundleIdentifier = com.microsoft.VSCode
# environment
INFOPATH = /opt/homebrew/share/info:
# makefile (from `Makefile', line 27)
DEL = del
# environment
VSCODE_IPC_HOOK_EXTHOST = /var/folders/vv/xctyh4bd2td6k2w_gvh_t2vr0000gn/T/vscode-ipc-664a79b6-2b2d-4351-954f-ad54e6f92abd.sock
# environment
VSCODE_CWD = /
# environment
PATH = /opt/anaconda3/bin:/opt/anaconda3/condabin:/opt/homebrew/bin:/opt/homebrew/sbin:/usr/local/bin:/usr/bin:/bin:/usr/sbin:/sbin:/Users/dasdias/.cargo/bin
# makefile (from `Makefile', line 22)
DEP = $(OBJ:$(OBJDIR)/%.o=%.d)
# environment
VSCODE_LOG_STACK = false
# environment
ELECTRON_RUN_AS_NODE = 1
# makefile (from `Makefile', line 11)
LDFLAGS = src/lib/c-consolelogger/obj/libconsolelogger.o src/lib/c-consolelogger/src/lib/c-sformat/obj/libsformat.o
# default
.FEATURES := target-specific order-only second-expansion else-if archives jobserver check-symlink
# environment
SSH_AUTH_SOCK = /private/tmp/com.apple.launchd.5VYcZwLZoP/Listeners
# makefile (from `Makefile', line 16)
SRCDIR = src
# automatic
%F = $(notdir $%)
# environment
CONDA_EXE = /opt/anaconda3/bin/conda
# environment
VSCODE_PIPE_LOGGING = true
# environment
PWD = /Users/dasdias/SoftwareProjects/clic
# environment
HOMEBREW_CELLAR = /opt/homebrew/Cellar
# environment
ORIGINAL_XDG_CURRENT_DESKTOP = undefined
# environment
MANPATH = /opt/homebrew/share/man::
# environment
VSCODE_AMD_ENTRYPOINT = vs/workbench/services/extensions/node/extensionHostProcess
# environment
HOME = /Users/dasdias
# default
MAKEFILEPATH = $(shell /usr/bin/xcode-select -print-path 2>/dev/null || echo /Developer)/Makefiles
# environment
VSCODE_CODE_CACHE_PATH = /Users/dasdias/Library/Application Support/Code/CachedData/f80445acd5a3dadef24aa209168452a3d97cc326
# environment
LOGNAME = dasdias
# environment
APPLICATION_INSIGHTS_NO_DIAGNOSTIC_CHANNEL = 1
# makefile (from `Makefile', line 25)
DELOBJ = $(OBJ)
# environment
CONDA_PROMPT_MODIFIER = (base) 
# environment
VSCODE_HANDLES_UNCAUGHT_ERRORS = true
# automatic
^D = $(patsubst %/,%,$(dir $^))
# environment
CONDA_DEFAULT_ENV = base
# environment
XPC_FLAGS = 0x0
# default
MAKE = $(MAKE_COMMAND)
# default
MAKECMDGOALS := all
# environment
SHLVL = 1
# makefile (from `Makefile', line 9)
CC = clang
# default
MAKE_VERSION := 3.81
# environment
USER = dasdias
# makefile
.DEFAULT_GOAL := all
# automatic
%D = $(patsubst %/,%,$(dir $%))
# environment
CONDA_SHLVL = 1
 
# default
MAKE_COMMAND := /Library/Developer/CommandLineTools/usr/bin/make
# default
.VARIABLES := 
# environment
TMPDIR = /var/folders/vv/xctyh4bd2td6k2w_gvh_t2vr0000gn/T/
# automatic
*F = $(notdir $*)
# environment
VSCODE_IPC_HOOK = /Users/dasdias/Library/Application Support/Code/1.64.2-main.sock
# makefile (from `Makefile', line 15)
EXT = .c
# makefile
MAKEFLAGS = Rrqp
# environment
MFLAGS = -Rrqp
# automatic
*D = $(patsubst %/,%,$(dir $*))
# environment
XPC_SERVICE_NAME = application.com.microsoft.VSCode.5133488.5133494
# environment
HOMEBREW_PREFIX = /opt/homebrew
# automatic
+D = $(patsubst %/,%,$(dir $+))
# automatic
+F = $(notdir $+)
# makefile (from `Makefile', line 14)
APPNAME = libtest
# environment
HOMEBREW_REPOSITORY = /opt/homebrew
# environment
__CF_USER_TEXT_ENCODING = 0x1F5:0x0:0x2
# environment
COMMAND_MODE = unix2003
# default
MAKEFILES := 
# automatic
<F = $(notdir $<)
# makefile (from `Makefile', line 17)
OBJDIR = obj
# environment
LC_ALL = C
# makefile (from `Makefile', line 29)
WDELOBJ = $(SRC:$(SRCDIR)/%$(EXT)=$(OBJDIR)\\%.o)
# environment
CONDA_PYTHON_EXE = /opt/anaconda3/bin/python
# automatic
^F = $(notdir $^)
# default
SUFFIXES := 
# environment
_CE_M = 
# environment
MAKELEVEL := 0
# environment
CONDA_PREFIX = /opt/anaconda3
# environment
VSCODE_PID = 14912
# environment
_CE_CONDA = 
# environment
LANG = C
# variable set hash-table stats:
# Load=89/1024=9%, Rehash=0, Collisions=5/145=3%

# Pattern-specific Variable Values

# No pattern-specific variable values.

# Directories

# . (device 16777230, inode 5210576): 16 files, no impossibilities.
# src (device 16777230, inode 5210646): 9 files, no impossibilities.

# 25 files, no impossibilities in 2 directories.

# Implicit Rules

%.d: src/%.c
#  commands to execute (from `Makefile', line 43):
	@$(CPP) $(CFLAGS) $< -MM -MT $(@:%.d=$(OBJDIR)/%.o) >$@
	

obj/%.o: src/%.c
#  commands to execute (from `Makefile', line 50):
	$(CC) $(CXXFLAGS) -o $@ -c $<
	

# 2 implicit rules, 0 (0.0%) terminal.

# Files

# Not a target:
src/lib/uthash/src/uthash.h:
#  Implicit rule search has been done.
#  Last modified 2022-02-25 01:05:21
#  File has been updated.
#  Successfully updated.
# variable set hash-table stats:
# Load=0/32=0%, Rehash=0, Collisions=0/0=0%

all: libtest
#  Command-line target.
#  Implicit rule search has been done.
#  File does not exist.
#  File has been updated.
#  Needs to be updated (-q is set).
# variable set hash-table stats:
# Load=0/32=0%, Rehash=0, Collisions=0/4=0%

# Not a target:
src/clic.h:
 
#  Implicit rule search has been done.
#  Last modified 2022-03-03 19:25:21
#  File has been updated.
#  Successfully updated.
# variable set hash-table stats:
# Load=0/32=0%, Rehash=0, Collisions=0/0=0%

.PHONY: clean cleandep cleanw cleandepw
#  Implicit rule search has not been done.
#  Modification time never checked.
#  File has not been updated.

# Not a target:
.SUFFIXES:
#  Implicit rule search has not been done.
#  Modification time never checked.
#  File has not been updated.

libtest: obj/cliccommand.o obj/clicshell.o obj/libtest.o
#  Implicit rule search has not been done.
#  Last modified 2022-03-04 00:05:04
#  File has been updated.
#  Needs to be updated (-q is set).
# variable set hash-table stats:
# Load=0/32=0%, Rehash=0, Collisions=0/4=0%
#  commands to execute (from `Makefile', line 39):
	$(CC) $(CXXFLAGS) -o $@ $^ $(LDFLAGS)
	

# Not a target:
src/lib/c-consolelogger/src/lib/c-sformat/src/sformat.h:
#  Implicit rule search has been done.
#  Last modified 2022-03-01 09:02:29
#  File has been updated.
#  Successfully updated.
# variable set hash-table stats:
# Load=0/32=0%, Rehash=0, Collisions=0/0=0%

# Not a target:
Makefile:
#  Implicit rule search has been done.
#  Last modified 2022-03-01 10:22:01
#  File has been updated.
#  Successfully updated.
# variable set hash-table stats:
# Load=0/32=0%, Rehash=0, Collisions=0/0=0%

# Not a target:
src/lib/c-consolelogger/src/consolelogger.h:
#  Implicit rule search has been done.
#  Last modified 2022-03-01 08:56:52
#  File has been updated.
#  Successfully updated.
# variable set hash-table stats:
# Load=0/32=0%, Rehash=0, Collisions=0/0=0%

cliccommand.d: src/cliccommand.c
#  A default, MAKEFILES, or -include/sinclude makefile.
#  Implicit rule search has been done.
#  Implicit/static pattern stem: `cliccommand'
#  Last modified 2022-03-04 00:07:29
#  File has been updated.
#  Successfully updated.
# variable set hash-table stats:
# Load=0/32=0%, Rehash=0, Collisions=0/0=0%
#  commands to execute (from `Makefile', line 43):
	@$(CPP) $(CFLAGS) $< -MM -MT $(@:%.d=$(OBJDIR)/%.o) >$@
	

clicshell.d: src/clicshell.c
#  A default, MAKEFILES, or -include/sinclude makefile.
#  Implicit rule search has been done.
#  Implicit/static pattern stem: `clicshell'
#  Last modified 2022-03-04 00:07:29
#  File has been updated.
#  Successfully updated.
# variable set hash-table stats:
# Load=0/32=0%, Rehash=0, Collisions=0/0=0%
#  commands to execute (from `Makefile', line 43):
	@$(CPP) $(CFLAGS) $< -MM -MT $(@:%.d=$(OBJDIR)/%.o) >$@
	

obj/cliccommand.o: src/cliccommand.c src/cliccommand.c src/cliccommand.h src/lib/uthash/src/uthash.h
#  Implicit rule search has been done.
#  Implicit/static pattern stem: `cliccommand'
#  Last modified 2022-03-03 20:08:30
#  File has been updated.
#  Successfully updated.
# variable set hash-table stats:
# Load=0/32=0%, Rehash=0, Collisions=0/0=0%
#  commands to execute (from `Makefile', line 50):
	$(CC) $(CXXFLAGS) -o $@ -c $<
	

cleanw:
#  Phony target (prerequisite of .PHONY).
#  Implicit rule search has not been done.
#  File does not exist.
#  File has not been updated.
#  commands to execute (from `Makefile', line 67):
	$(DEL) $(WDELOBJ) $(DEP) $(APPNAME)$(EXE)
	

obj/clicshell.o: src/clicshell.c src/clicshell.c src/clicshell.h src/cliccommand.h src/lib/uthash/src/uthash.h src/lib/c-consolelogger/src/consolelogger.h src/lib/c-consolelogger/src/lib/c-sformat/src/sformat.h
#  Implicit rule search has been done.
#  Implicit/static pattern stem: `clicshell'
#  Last modified 2022-03-04 00:05:04
#  File has been updated.
#  Successfully updated.
# variable set hash-table stats:
# Load=0/32=0%, Rehash=0, Collisions=0/0=0%
#  commands to execute (from `Makefile', line 50):
	$(CC) $(CXXFLAGS) -o $@ -c $<
	

# Not a target:
.DEFAULT:
#  Implicit rule search has not been done.
#  Modification time never checked.
#  File has not been updated.

cleandep:
#  Phony target (prerequisite of .PHONY).
#  Implicit rule search has not been done.
#  File does not exist.
#  File has not been updated.
#  commands to execute (from `Makefile', line 61):
	$(RM) $(DEP)
	

cleandepw:
#  Phony target (prerequisite of .PHONY).
#  Implicit rule search has not been done.
#  File does not exist.
#  File has not been updated.
#  commands to execute (from `Makefile', line 72):
	$(DEL) $(DEP)
	

clean:
#  Phony target (prerequisite of .PHONY).
#  Implicit rule search has not been done.
#  File does not exist.
#  File has not been updated.
#  commands to execute (from `Makefile', line 56):
	$(RM) $(DELOBJ) $(DEP) $(APPNAME)
	

# Not a target:
src/cliccommand.c:
#  Implicit rule search has been done.
#  Last modified 2022-03-03 20:08:18
#  File has been updated.
#  Successfully updated.
# variable set hash-table stats:
# Load=0/32=0%, Rehash=0, Collisions=0/0=0%

obj/libtest.o: src/libtest.c src/clic.h src/cliccommand.h src/lib/uthash/src/uthash.h src/clicshell.h src/lib/c-consolelogger/src/consolelogger.h src/lib/c-consolelogger/src/lib/c-sformat/src/sformat.h
#  Implicit rule search has been done.
#  Implicit/static pattern stem: `libtest'
#  Last modified 2022-03-04 00:05:04
#  File has been updated.
#  Needs to be updated (-q is set).
# automatic
# @ := obj/libtest.o
# automatic
# % := 
# automatic
# * := libtest
# automatic
# + := src/libtest.c src/libtest.c src/clic.h src/cliccommand.h src/lib/uthash/src/uthash.h src/clicshell.h src/lib/c-consolelogger/src/consolelogger.h src/lib/c-consolelogger/src/lib/c-sformat/src/sformat.h
# automatic
# | := 
# automatic
# < := src/libtest.c
# automatic
# ^ := src/libtest.c src/clic.h src/cliccommand.h src/lib/uthash/src/uthash.h src/clicshell.h src/lib/c-consolelogger/src/consolelogger.h src/lib/c-consolelogger/src/lib/c-sformat/src/sformat.h
# automatic
# ? := src/libtest.c
# variable set hash-table stats:
# Load=8/32=25%, Rehash=0, Collisions=1/14=7%
#  commands to execute (from `Makefile', line 50):
	$(CC) $(CXXFLAGS) -o $@ -c $<
	

# Not a target:
src/clicshell.c:
#  Implicit rule search has been done.
#  Last modified 2022-03-04 00:04:10
#  File has been updated.
#  Successfully updated.
# variable set hash-table stats:
# Load=0/32=0%, Rehash=0, Collisions=0/0=0%

# Not a target:
src/cliccommand.h:
#  Implicit rule search has been done.
#  Last modified 2022-03-03 19:08:58
#  File has been updated.
 
#  Successfully updated.
# variable set hash-table stats:
# Load=0/32=0%, Rehash=0, Collisions=0/0=0%

# Not a target:
src/clicshell.h:
#  Implicit rule search has been done.
#  Last modified 2022-03-03 19:25:03
#  File has been updated.
#  Successfully updated.
# variable set hash-table stats:
# Load=0/32=0%, Rehash=0, Collisions=0/0=0%

# Not a target:
src/libtest.c:
#  Implicit rule search has been done.
#  Last modified 2022-03-04 00:06:46
#  File has been updated.
#  Successfully updated.
# variable set hash-table stats:
# Load=0/32=0%, Rehash=0, Collisions=0/0=0%

libtest.d: src/libtest.c
#  A default, MAKEFILES, or -include/sinclude makefile.
#  Implicit rule search has been done.
#  Implicit/static pattern stem: `libtest'
#  Last modified 2022-03-04 00:07:29
#  File has been updated.
#  Successfully updated.
# variable set hash-table stats:
# Load=0/32=0%, Rehash=0, Collisions=0/0=0%
#  commands to execute (from `Makefile', line 43):
	@$(CPP) $(CFLAGS) $< -MM -MT $(@:%.d=$(OBJDIR)/%.o) >$@
	

# files hash-table stats:
# Load=25/1024=2%, Rehash=0, Collisions=0/83=0%
# VPATH Search Paths

# No `vpath' search paths.

# No general (`VPATH' variable) search path.

# # of strings in strcache: 4
# # of strcache buffers: 1
# strcache size: total = 4096 / max = 4096 / min = 4096 / avg = 4096
# strcache free: total = 4051 / max = 4051 / min = 4051 / avg = 4051

# Finished Make data base on Fri Mar  4 00:07:29 2022

 
